#
# A fatal error has been detected by the Java Runtime Environment:
#
#  Internal Error (classFileParser.cpp:3494), pid=13723, tid=140039613822720
#  Error: ShouldNotReachHere()
#
# JRE version: 6.0_24-b24
# Java VM: OpenJDK 64-Bit Server VM (20.0-b12 mixed mode linux-amd64 compressed oops)
# Derivative: IcedTea6 1.11.5
# Distribution: Ubuntu 12.04 LTS, package 6b24-1.11.5-0ubuntu1~12.04.1
# If you would like to submit a bug report, please include
# instructions how to reproduce the bug and visit:
#   https://bugs.launchpad.net/ubuntu/+source/openjdk-6/
#

---------------  T H R E A D  ---------------

Current thread (0x00007f5d7c008000):  JavaThread "Unknown thread" [_thread_in_vm, id=13725, stack(0x00007f5d835fb000,0x00007f5d836fc000)]

Stack: [0x00007f5d835fb000,0x00007f5d836fc000],  sp=0x00007f5d836fa080,  free space=1020k
Native frames: (J=compiled Java code, j=interpreted, Vv=VM code, C=native code)
V  [libjvm.so+0x7846a5]  VMError::report(outputStream*)+0x1255
V  [libjvm.so+0x784929]  VMError::report_and_die()+0x169
V  [libjvm.so+0x3bb5ea]  report_vm_error(char const*, int, char const*, char const*)+0x4a
V  [libjvm.so+0x351985]  ClassFileParser::parseClassFile(symbolHandle, Handle, Handle, KlassHandle, GrowableArray<Handle>*, symbolHandle&, bool, Thread*)+0x1545
V  [libjvm.so+0x355be3]  ClassLoader::load_classfile(symbolHandle, Thread*)+0x1f3
V  [libjvm.so+0x71c854]  SystemDictionary::load_instance_class(symbolHandle, Handle, Thread*)+0x354
V  [libjvm.so+0x71af60]  SystemDictionary::resolve_instance_class_or_null(symbolHandle, Handle, Handle, Thread*)+0x7c0
V  [libjvm.so+0x71cee3]  SystemDictionary::resolve_or_fail(symbolHandle, Handle, Handle, bool, Thread*)+0x33
V  [libjvm.so+0x71cfc4]  SystemDictionary::resolve_or_fail(symbolHandle, bool, Thread*)+0x14
V  [libjvm.so+0x71d070]  SystemDictionary::initialize_wk_klass(SystemDictionary::WKID, int, Thread*)+0xa0
V  [libjvm.so+0x71d0d9]  SystemDictionary::initialize_wk_klasses_until(SystemDictionary::WKID, SystemDictionary::WKID&, Thread*)+0x59
V  [libjvm.so+0x71d1d1]  SystemDictionary::initialize_preloaded_classes(Thread*)+0x71
V  [libjvm.so+0x760a5f]  Universe::genesis(Thread*)+0x11f
V  [libjvm.so+0x76140f]  universe2_init()+0x1f
V  [libjvm.so+0x474675]  init_globals()+0x95
V  [libjvm.so+0x74b38a]  Threads::create_vm(JavaVMInitArgs*, bool*)+0x1ea
V  [libjvm.so+0x4ce4d1]  JNI_CreateJavaVM+0x61
C  [java+0x317e]  JavaMain+0x7e


---------------  P R O C E S S  ---------------

Java Threads: ( => current thread )

Other Threads:

=>0x00007f5d7c008000 (exited) JavaThread "Unknown thread" [_thread_in_vm, id=13725, stack(0x00007f5d835fb000,0x00007f5d836fc000)]

VM state:not at safepoint (not fully initialized)

VM Mutex/Monitor currently owned by a thread: None

Dynamic libraries:
00400000-00409000 r-xp 00000000 08:01 2907907                            /usr/lib/jvm/java-6-openjdk-amd64/jre/bin/java
00608000-00609000 r--p 00008000 08:01 2907907                            /usr/lib/jvm/java-6-openjdk-amd64/jre/bin/java
00609000-0060a000 rw-p 00009000 08:01 2907907                            /usr/lib/jvm/java-6-openjdk-amd64/jre/bin/java
00c88000-00ca9000 rw-p 00000000 00:00 0                                  [heap]
779800000-77acc0000 rw-p 00000000 00:00 0 
77acc0000-783e00000 rw-p 00000000 00:00 0 
783e00000-7890c0000 rw-p 00000000 00:00 0 
7890c0000-7d6a00000 rw-p 00000000 00:00 0 
7d6a00000-7d9360000 rw-p 00000000 00:00 0 
7d9360000-800000000 rw-p 00000000 00:00 0 
7f5d54000000-7f5d54021000 rw-p 00000000 00:00 0 
7f5d54021000-7f5d58000000 ---p 00000000 00:00 0 
7f5d5c000000-7f5d5c021000 rw-p 00000000 00:00 0 
7f5d5c021000-7f5d60000000 ---p 00000000 00:00 0 
7f5d60000000-7f5d60021000 rw-p 00000000 00:00 0 
7f5d60021000-7f5d64000000 ---p 00000000 00:00 0 
7f5d64000000-7f5d64021000 rw-p 00000000 00:00 0 
7f5d64021000-7f5d68000000 ---p 00000000 00:00 0 
7f5d68000000-7f5d68021000 rw-p 00000000 00:00 0 
7f5d68021000-7f5d6c000000 ---p 00000000 00:00 0 
7f5d6c000000-7f5d6c021000 rw-p 00000000 00:00 0 
7f5d6c021000-7f5d70000000 ---p 00000000 00:00 0 
7f5d70000000-7f5d70021000 rw-p 00000000 00:00 0 
7f5d70021000-7f5d74000000 ---p 00000000 00:00 0 
7f5d74000000-7f5d74021000 rw-p 00000000 00:00 0 
7f5d74021000-7f5d78000000 ---p 00000000 00:00 0 
7f5d7847c000-7f5d7853a000 r--s 00fac000 08:01 2783284                    /usr/local/stow/android-sdk_r20.0.3/share/android-sdk-linux/platforms/android-15/android.jar
7f5d7853a000-7f5d78562000 rw-p 00000000 00:00 0 
7f5d78562000-7f5d78563000 ---p 00000000 00:00 0 
7f5d78563000-7f5d78663000 rw-p 00000000 00:00 0 
7f5d78663000-7f5d78664000 ---p 00000000 00:00 0 
7f5d78664000-7f5d78764000 rw-p 00000000 00:00 0 
7f5d78764000-7f5d78765000 ---p 00000000 00:00 0 
7f5d78765000-7f5d78865000 rw-p 00000000 00:00 0 
7f5d78865000-7f5d78866000 ---p 00000000 00:00 0 
7f5d78866000-7f5d78966000 rw-p 00000000 00:00 0 
7f5d78966000-7f5d78967000 ---p 00000000 00:00 0 
7f5d78967000-7f5d78a67000 rw-p 00000000 00:00 0 
7f5d78a67000-7f5d78a68000 ---p 00000000 00:00 0 
7f5d78a68000-7f5d78b68000 rw-p 00000000 00:00 0 
7f5d78b68000-7f5d78b69000 ---p 00000000 00:00 0 
7f5d78b69000-7f5d78c69000 rw-p 00000000 00:00 0 
7f5d78c69000-7f5d78c6a000 ---p 00000000 00:00 0 
7f5d78c6a000-7f5d78d94000 rw-p 00000000 00:00 0 
7f5d78d94000-7f5d79000000 rw-p 00000000 00:00 0 
7f5d79000000-7f5d79270000 rwxp 00000000 00:00 0 
7f5d79270000-7f5d7c086000 rw-p 00000000 00:00 0 
7f5d7c086000-7f5d80000000 ---p 00000000 00:00 0 
7f5d80021000-7f5d8002c000 rw-p 00000000 00:00 0 
7f5d8002c000-7f5d80074000 rw-p 00000000 00:00 0 
7f5d80074000-7f5d8007f000 rw-p 00000000 00:00 0 
7f5d8007f000-7f5d800c7000 rw-p 00000000 00:00 0 
7f5d800c7000-7f5d800f1000 rw-p 00000000 00:00 0 
7f5d800f1000-7f5d8035d000 rw-p 00000000 00:00 0 
7f5d8035d000-7f5d80372000 rw-p 00000000 00:00 0 
7f5d80372000-7f5d804a8000 rw-p 00000000 00:00 0 
7f5d804a8000-7f5d804a9000 rw-p 00000000 00:00 0 
7f5d804a9000-7f5d804b0000 r-xp 00000000 08:01 2907890                    /usr/lib/jvm/java-6-openjdk-amd64/jre/lib/amd64/libzip.so
7f5d804b0000-7f5d806af000 ---p 00007000 08:01 2907890                    /usr/lib/jvm/java-6-openjdk-amd64/jre/lib/amd64/libzip.so
7f5d806af000-7f5d806b0000 r--p 00006000 08:01 2907890                    /usr/lib/jvm/java-6-openjdk-amd64/jre/lib/amd64/libzip.so
7f5d806b0000-7f5d806b1000 rw-p 00007000 08:01 2907890                    /usr/lib/jvm/java-6-openjdk-amd64/jre/lib/amd64/libzip.so
7f5d806b1000-7f5d806bb000 r-xp 00000000 08:01 2354706                    /lib/x86_64-linux-gnu/libnss_nis-2.15.so
7f5d806bb000-7f5d808bb000 ---p 0000a000 08:01 2354706                    /lib/x86_64-linux-gnu/libnss_nis-2.15.so
7f5d808bb000-7f5d808bc000 r--p 0000a000 08:01 2354706                    /lib/x86_64-linux-gnu/libnss_nis-2.15.so
7f5d808bc000-7f5d808bd000 rw-p 0000b000 08:01 2354706                    /lib/x86_64-linux-gnu/libnss_nis-2.15.so
7f5d808bd000-7f5d808d4000 r-xp 00000000 08:01 2354719                    /lib/x86_64-linux-gnu/libnsl-2.15.so
7f5d808d4000-7f5d80ad3000 ---p 00017000 08:01 2354719                    /lib/x86_64-linux-gnu/libnsl-2.15.so
7f5d80ad3000-7f5d80ad4000 r--p 00016000 08:01 2354719                    /lib/x86_64-linux-gnu/libnsl-2.15.so
7f5d80ad4000-7f5d80ad5000 rw-p 00017000 08:01 2354719                    /lib/x86_64-linux-gnu/libnsl-2.15.so
7f5d80ad5000-7f5d80ad7000 rw-p 00000000 00:00 0 
7f5d80ad7000-7f5d80ae4000 r-xp 00000000 08:01 2354698                    /lib/x86_64-linux-gnu/libnss_nisplus-2.15.so
7f5d80ae4000-7f5d80ce3000 ---p 0000d000 08:01 2354698                    /lib/x86_64-linux-gnu/libnss_nisplus-2.15.so
7f5d80ce3000-7f5d80ce4000 r--p 0000c000 08:01 2354698                    /lib/x86_64-linux-gnu/libnss_nisplus-2.15.so
7f5d80ce4000-7f5d80ce5000 rw-p 0000d000 08:01 2354698                    /lib/x86_64-linux-gnu/libnss_nisplus-2.15.so
7f5d80ce5000-7f5d80cf1000 r-xp 00000000 08:01 2354710                    /lib/x86_64-linux-gnu/libnss_files-2.15.so
7f5d80cf1000-7f5d80ef0000 ---p 0000c000 08:01 2354710                    /lib/x86_64-linux-gnu/libnss_files-2.15.so
7f5d80ef0000-7f5d80ef1000 r--p 0000b000 08:01 2354710                    /lib/x86_64-linux-gnu/libnss_files-2.15.so
7f5d80ef1000-7f5d80ef2000 rw-p 0000c000 08:01 2354710                    /lib/x86_64-linux-gnu/libnss_files-2.15.so
7f5d80ef2000-7f5d80f1e000 r-xp 00000000 08:01 2883143                    /usr/lib/jvm/java-6-openjdk-amd64/jre/lib/amd64/libjava.so
7f5d80f1e000-7f5d8111d000 ---p 0002c000 08:01 2883143                    /usr/lib/jvm/java-6-openjdk-amd64/jre/lib/amd64/libjava.so
7f5d8111d000-7f5d8111e000 r--p 0002b000 08:01 2883143                    /usr/lib/jvm/java-6-openjdk-amd64/jre/lib/amd64/libjava.so
7f5d8111e000-7f5d81121000 rw-p 0002c000 08:01 2883143                    /usr/lib/jvm/java-6-openjdk-amd64/jre/lib/amd64/libjava.so
7f5d81121000-7f5d8112f000 r-xp 00000000 08:01 2907875                    /usr/lib/jvm/java-6-openjdk-amd64/jre/lib/amd64/libverify.so
7f5d8112f000-7f5d8132e000 ---p 0000e000 08:01 2907875                    /usr/lib/jvm/java-6-openjdk-amd64/jre/lib/amd64/libverify.so
7f5d8132e000-7f5d81330000 r--p 0000d000 08:01 2907875                    /usr/lib/jvm/java-6-openjdk-amd64/jre/lib/amd64/libverify.so
7f5d81330000-7f5d81331000 rw-p 0000f000 08:01 2907875                    /usr/lib/jvm/java-6-openjdk-amd64/jre/lib/amd64/libverify.so
7f5d81331000-7f5d81338000 r-xp 00000000 08:01 2354704                    /lib/x86_64-linux-gnu/librt-2.15.so
7f5d81338000-7f5d81537000 ---p 00007000 08:01 2354704                    /lib/x86_64-linux-gnu/librt-2.15.so
7f5d81537000-7f5d81538000 r--p 00006000 08:01 2354704                    /lib/x86_64-linux-gnu/librt-2.15.so
7f5d81538000-7f5d81539000 rw-p 00007000 08:01 2354704                    /lib/x86_64-linux-gnu/librt-2.15.so
7f5d81539000-7f5d8154e000 r-xp 00000000 08:01 2361367                    /lib/x86_64-linux-gnu/libgcc_s.so.1
7f5d8154e000-7f5d8174d000 ---p 00015000 08:01 2361367                    /lib/x86_64-linux-gnu/libgcc_s.so.1
7f5d8174d000-7f5d8174e000 r--p 00014000 08:01 2361367                    /lib/x86_64-linux-gnu/libgcc_s.so.1
7f5d8174e000-7f5d8174f000 rw-p 00015000 08:01 2361367                    /lib/x86_64-linux-gnu/libgcc_s.so.1
7f5d8174f000-7f5d8184a000 r-xp 00000000 08:01 2354708                    /lib/x86_64-linux-gnu/libm-2.15.so
7f5d8184a000-7f5d81a49000 ---p 000fb000 08:01 2354708                    /lib/x86_64-linux-gnu/libm-2.15.so
7f5d81a49000-7f5d81a4a000 r--p 000fa000 08:01 2354708                    /lib/x86_64-linux-gnu/libm-2.15.so
7f5d81a4a000-7f5d81a4b000 rw-p 000fb000 08:01 2354708                    /lib/x86_64-linux-gnu/libm-2.15.so
7f5d81a4b000-7f5d81b2d000 r-xp 00000000 08:01 2619231                    /usr/lib/x86_64-linux-gnu/libstdc++.so.6.0.16
7f5d81b2d000-7f5d81d2c000 ---p 000e2000 08:01 2619231                    /usr/lib/x86_64-linux-gnu/libstdc++.so.6.0.16
7f5d81d2c000-7f5d81d34000 r--p 000e1000 08:01 2619231                    /usr/lib/x86_64-linux-gnu/libstdc++.so.6.0.16
7f5d81d34000-7f5d81d36000 rw-p 000e9000 08:01 2619231                    /usr/lib/x86_64-linux-gnu/libstdc++.so.6.0.16
7f5d81d36000-7f5d81d4b000 rw-p 00000000 00:00 0 
7f5d81d4b000-7f5d82650000 r-xp 00000000 08:01 2883138                    /usr/lib/jvm/java-6-openjdk-amd64/jre/lib/amd64/server/libjvm.so
7f5d82650000-7f5d82850000 ---p 00905000 08:01 2883138                    /usr/lib/jvm/java-6-openjdk-amd64/jre/lib/amd64/server/libjvm.so
7f5d82850000-7f5d828d0000 r--p 00905000 08:01 2883138                    /usr/lib/jvm/java-6-openjdk-amd64/jre/lib/amd64/server/libjvm.so
7f5d828d0000-7f5d828eb000 rw-p 00985000 08:01 2883138                    /usr/lib/jvm/java-6-openjdk-amd64/jre/lib/amd64/server/libjvm.so
7f5d828eb000-7f5d82914000 rw-p 00000000 00:00 0 
7f5d82914000-7f5d8292a000 r-xp 00000000 08:01 2361256                    /lib/x86_64-linux-gnu/libz.so.1.2.3.4
7f5d8292a000-7f5d82b29000 ---p 00016000 08:01 2361256                    /lib/x86_64-linux-gnu/libz.so.1.2.3.4
7f5d82b29000-7f5d82b2a000 r--p 00015000 08:01 2361256                    /lib/x86_64-linux-gnu/libz.so.1.2.3.4
7f5d82b2a000-7f5d82b2b000 rw-p 00016000 08:01 2361256                    /lib/x86_64-linux-gnu/libz.so.1.2.3.4
7f5d82b2b000-7f5d82ce0000 r-xp 00000000 08:01 2354700                    /lib/x86_64-linux-gnu/libc-2.15.so
7f5d82ce0000-7f5d82edf000 ---p 001b5000 08:01 2354700                    /lib/x86_64-linux-gnu/libc-2.15.so
7f5d82edf000-7f5d82ee3000 r--p 001b4000 08:01 2354700                    /lib/x86_64-linux-gnu/libc-2.15.so
7f5d82ee3000-7f5d82ee5000 rw-p 001b8000 08:01 2354700                    /lib/x86_64-linux-gnu/libc-2.15.so
7f5d82ee5000-7f5d82eea000 rw-p 00000000 00:00 0 
7f5d82eea000-7f5d82eec000 r-xp 00000000 08:01 2354699                    /lib/x86_64-linux-gnu/libdl-2.15.so
7f5d82eec000-7f5d830ec000 ---p 00002000 08:01 2354699                    /lib/x86_64-linux-gnu/libdl-2.15.so
7f5d830ec000-7f5d830ed000 r--p 00002000 08:01 2354699                    /lib/x86_64-linux-gnu/libdl-2.15.so
7f5d830ed000-7f5d830ee000 rw-p 00003000 08:01 2354699                    /lib/x86_64-linux-gnu/libdl-2.15.so
7f5d830ee000-7f5d830f2000 r-xp 00000000 08:01 2883144                    /usr/lib/jvm/java-6-openjdk-amd64/jre/lib/amd64/jli/libjli.so
7f5d830f2000-7f5d832f1000 ---p 00004000 08:01 2883144                    /usr/lib/jvm/java-6-openjdk-amd64/jre/lib/amd64/jli/libjli.so
7f5d832f1000-7f5d832f2000 r--p 00003000 08:01 2883144                    /usr/lib/jvm/java-6-openjdk-amd64/jre/lib/amd64/jli/libjli.so
7f5d832f2000-7f5d832f3000 rw-p 00004000 08:01 2883144                    /usr/lib/jvm/java-6-openjdk-amd64/jre/lib/amd64/jli/libjli.so
7f5d832f3000-7f5d8330b000 r-xp 00000000 08:01 2354702                    /lib/x86_64-linux-gnu/libpthread-2.15.so
7f5d8330b000-7f5d8350a000 ---p 00018000 08:01 2354702                    /lib/x86_64-linux-gnu/libpthread-2.15.so
7f5d8350a000-7f5d8350b000 r--p 00017000 08:01 2354702                    /lib/x86_64-linux-gnu/libpthread-2.15.so
7f5d8350b000-7f5d8350c000 rw-p 00018000 08:01 2354702                    /lib/x86_64-linux-gnu/libpthread-2.15.so
7f5d8350c000-7f5d83510000 rw-p 00000000 00:00 0 
7f5d83510000-7f5d83532000 r-xp 00000000 08:01 2354714                    /lib/x86_64-linux-gnu/ld-2.15.so
7f5d8353b000-7f5d83545000 rw-p 00000000 00:00 0 
7f5d83545000-7f5d835fb000 rw-p 00000000 00:00 0 
7f5d835fb000-7f5d835fe000 ---p 00000000 00:00 0 
7f5d835fe000-7f5d83701000 rw-p 00000000 00:00 0 
7f5d83726000-7f5d8372e000 rw-s 00000000 08:06 42                         /tmp/hsperfdata_padlesky/13723
7f5d8372e000-7f5d8372f000 rw-p 00000000 00:00 0 
7f5d8372f000-7f5d83730000 r--p 00000000 00:00 0 
7f5d83730000-7f5d83732000 rw-p 00000000 00:00 0 
7f5d83732000-7f5d83733000 r--p 00022000 08:01 2354714                    /lib/x86_64-linux-gnu/ld-2.15.so
7f5d83733000-7f5d83735000 rw-p 00023000 08:01 2354714                    /lib/x86_64-linux-gnu/ld-2.15.so
7fffd6cc5000-7fffd6ce6000 rw-p 00000000 00:00 0                          [stack]
7fffd6da0000-7fffd6da1000 r-xp 00000000 00:00 0                          [vdso]
ffffffffff600000-ffffffffff601000 r-xp 00000000 00:00 0                  [vsyscall]

VM Arguments:
jvm_args: -Dfile.encoding=UTF-8 -Xbootclasspath:/home/dsk06/cscrs/c301/android-sdk-linux/platforms/android-15/android.jar 
java_command: org.eclipse.jdt.internal.junit.runner.RemoteTestRunner -version 3 -port 41922 -testLoaderClass org.eclipse.jdt.internal.junit4.runner.JUnit4TestLoader -loaderpluginname org.eclipse.jdt.junit4.runtime -classNames ca.ualberta.cs.c301f12t01.testing.TextResponseTest
Launcher Type: SUN_STANDARD

Environment Variables:
PATH=/usr/local/bin:/usr/bin:/bin:/usr/local/matlab/bin:/usr/games
LD_LIBRARY_PATH=/usr/lib/jvm/java-6-openjdk-amd64/jre/lib/amd64/server:/usr/lib/jvm/java-6-openjdk-amd64/jre/lib/amd64:/usr/lib/jvm/java-6-openjdk-amd64/jre/../lib/amd64
SHELL=/bin/bash
DISPLAY=:0.0

Signal Handlers:
SIGSEGV: [libjvm.so+0x7852e0], sa_mask[0]=0x7ffbfeff, sa_flags=0x10000004
SIGBUS: [libjvm.so+0x7852e0], sa_mask[0]=0x7ffbfeff, sa_flags=0x10000004
SIGFPE: [libjvm.so+0x648d40], sa_mask[0]=0x7ffbfeff, sa_flags=0x10000004
SIGPIPE: [libjvm.so+0x648d40], sa_mask[0]=0x7ffbfeff, sa_flags=0x10000004
SIGXFSZ: [libjvm.so+0x648d40], sa_mask[0]=0x7ffbfeff, sa_flags=0x10000004
SIGILL: [libjvm.so+0x648d40], sa_mask[0]=0x7ffbfeff, sa_flags=0x10000004
SIGUSR1: SIG_DFL, sa_mask[0]=0x00000000, sa_flags=0x00000000
SIGUSR2: [libjvm.so+0x648ef0], sa_mask[0]=0x00000004, sa_flags=0x10000004
SIGHUP: SIG_DFL, sa_mask[0]=0x00000000, sa_flags=0x00000000
SIGINT: SIG_DFL, sa_mask[0]=0x00000000, sa_flags=0x00000000
SIGTERM: SIG_DFL, sa_mask[0]=0x00000000, sa_flags=0x00000000
SIGQUIT: SIG_DFL, sa_mask[0]=0x00000000, sa_flags=0x00000000


---------------  S Y S T E M  ---------------

OS:Ubuntu 12.04 (precise)
uname:Linux 3.2.0-32-generic #51-Ubuntu SMP Wed Sep 26 21:33:09 UTC 2012 x86_64
libc:glibc 2.15 NPTL 2.15 
rlimit: STACK 8192k, CORE 0k, NPROC 63402, NOFILE 4096, AS infinity
load average:7.23 7.28 7.25

/proc/meminfo:
MemTotal:        8133536 kB
MemFree:          134076 kB
Buffers:          175212 kB
Cached:          6087852 kB
SwapCached:            0 kB
Active:          1803420 kB
Inactive:        5888988 kB
Active(anon):    1205592 kB
Inactive(anon):   235852 kB
Active(file):     597828 kB
Inactive(file):  5653136 kB
Unevictable:           0 kB
Mlocked:               0 kB
SwapTotal:       8393956 kB
SwapFree:        8393956 kB
Dirty:                28 kB
Writeback:             0 kB
AnonPages:       1428772 kB
Mapped:           156812 kB
Shmem:             12688 kB
Slab:             144700 kB
SReclaimable:     109796 kB
SUnreclaim:        34904 kB
KernelStack:        3400 kB
PageTables:        19448 kB
NFS_Unstable:          0 kB
Bounce:                0 kB
WritebackTmp:          0 kB
CommitLimit:    12460724 kB
Committed_AS:    3162980 kB
VmallocTotal:   34359738367 kB
VmallocUsed:      131096 kB
VmallocChunk:   34359604860 kB
HardwareCorrupted:     0 kB
AnonHugePages:         0 kB
HugePages_Total:       0
HugePages_Free:        0
HugePages_Rsvd:        0
HugePages_Surp:        0
Hugepagesize:       2048 kB
DirectMap4k:      131072 kB
DirectMap2M:     8216576 kB


CPU:total 8 (4 cores per cpu, 2 threads per core) family 6 model 42 stepping 7, cmov, cx8, fxsr, mmx, sse, sse2, sse3, ssse3, sse4.1, sse4.2, popcnt, ht

Memory: 4k page, physical 8133536k(134076k free), swap 8393956k(8393956k free)

vm_info: OpenJDK 64-Bit Server VM (20.0-b12) for linux-amd64 JRE (1.6.0_24-b24), built on Oct 24 2012 16:17:28 by "buildd" with gcc 4.6.3

time: Sun Nov  4 16:23:42 2012
elapsed time: 0 seconds

