#
# A fatal error has been detected by the Java Runtime Environment:
#
#  Internal Error (classFileParser.cpp:3494), pid=13766, tid=140292167993088
#  Error: ShouldNotReachHere()
#
# JRE version: 6.0_24-b24
# Java VM: OpenJDK 64-Bit Server VM (20.0-b12 mixed mode linux-amd64 compressed oops)
# Derivative: IcedTea6 1.11.5
# Distribution: Ubuntu 12.04 LTS, package 6b24-1.11.5-0ubuntu1~12.04.1
# If you would like to submit a bug report, please include
# instructions how to reproduce the bug and visit:
#   https://bugs.launchpad.net/ubuntu/+source/openjdk-6/
#

---------------  T H R E A D  ---------------

Current thread (0x00007f9848008000):  JavaThread "Unknown thread" [_thread_in_vm, id=13768, stack(0x00007f9850c68000,0x00007f9850d69000)]

Stack: [0x00007f9850c68000,0x00007f9850d69000],  sp=0x00007f9850d67080,  free space=1020k
Native frames: (J=compiled Java code, j=interpreted, Vv=VM code, C=native code)
V  [libjvm.so+0x7846a5]  VMError::report(outputStream*)+0x1255
V  [libjvm.so+0x784929]  VMError::report_and_die()+0x169
V  [libjvm.so+0x3bb5ea]  report_vm_error(char const*, int, char const*, char const*)+0x4a
V  [libjvm.so+0x351985]  ClassFileParser::parseClassFile(symbolHandle, Handle, Handle, KlassHandle, GrowableArray<Handle>*, symbolHandle&, bool, Thread*)+0x1545
V  [libjvm.so+0x355be3]  ClassLoader::load_classfile(symbolHandle, Thread*)+0x1f3
V  [libjvm.so+0x71c854]  SystemDictionary::load_instance_class(symbolHandle, Handle, Thread*)+0x354
V  [libjvm.so+0x71af60]  SystemDictionary::resolve_instance_class_or_null(symbolHandle, Handle, Handle, Thread*)+0x7c0
V  [libjvm.so+0x71cee3]  SystemDictionary::resolve_or_fail(symbolHandle, Handle, Handle, bool, Thread*)+0x33
V  [libjvm.so+0x71cfc4]  SystemDictionary::resolve_or_fail(symbolHandle, bool, Thread*)+0x14
V  [libjvm.so+0x71d070]  SystemDictionary::initialize_wk_klass(SystemDictionary::WKID, int, Thread*)+0xa0
V  [libjvm.so+0x71d0d9]  SystemDictionary::initialize_wk_klasses_until(SystemDictionary::WKID, SystemDictionary::WKID&, Thread*)+0x59
V  [libjvm.so+0x71d1d1]  SystemDictionary::initialize_preloaded_classes(Thread*)+0x71
V  [libjvm.so+0x760a5f]  Universe::genesis(Thread*)+0x11f
V  [libjvm.so+0x76140f]  universe2_init()+0x1f
V  [libjvm.so+0x474675]  init_globals()+0x95
V  [libjvm.so+0x74b38a]  Threads::create_vm(JavaVMInitArgs*, bool*)+0x1ea
V  [libjvm.so+0x4ce4d1]  JNI_CreateJavaVM+0x61
C  [java+0x317e]  JavaMain+0x7e


---------------  P R O C E S S  ---------------

Java Threads: ( => current thread )

Other Threads:

=>0x00007f9848008000 (exited) JavaThread "Unknown thread" [_thread_in_vm, id=13768, stack(0x00007f9850c68000,0x00007f9850d69000)]

VM state:not at safepoint (not fully initialized)

VM Mutex/Monitor currently owned by a thread: None

Dynamic libraries:
00400000-00409000 r-xp 00000000 08:01 2907907                            /usr/lib/jvm/java-6-openjdk-amd64/jre/bin/java
00608000-00609000 r--p 00008000 08:01 2907907                            /usr/lib/jvm/java-6-openjdk-amd64/jre/bin/java
00609000-0060a000 rw-p 00009000 08:01 2907907                            /usr/lib/jvm/java-6-openjdk-amd64/jre/bin/java
019e4000-01a05000 rw-p 00000000 00:00 0                                  [heap]
779800000-77acc0000 rw-p 00000000 00:00 0 
77acc0000-783e00000 rw-p 00000000 00:00 0 
783e00000-7890c0000 rw-p 00000000 00:00 0 
7890c0000-7d6a00000 rw-p 00000000 00:00 0 
7d6a00000-7d9360000 rw-p 00000000 00:00 0 
7d9360000-800000000 rw-p 00000000 00:00 0 
7f9820000000-7f9820021000 rw-p 00000000 00:00 0 
7f9820021000-7f9824000000 ---p 00000000 00:00 0 
7f9828000000-7f9828021000 rw-p 00000000 00:00 0 
7f9828021000-7f982c000000 ---p 00000000 00:00 0 
7f982c000000-7f982c021000 rw-p 00000000 00:00 0 
7f982c021000-7f9830000000 ---p 00000000 00:00 0 
7f9830000000-7f9830021000 rw-p 00000000 00:00 0 
7f9830021000-7f9834000000 ---p 00000000 00:00 0 
7f9834000000-7f9834021000 rw-p 00000000 00:00 0 
7f9834021000-7f9838000000 ---p 00000000 00:00 0 
7f9838000000-7f9838021000 rw-p 00000000 00:00 0 
7f9838021000-7f983c000000 ---p 00000000 00:00 0 
7f983c000000-7f983c021000 rw-p 00000000 00:00 0 
7f983c021000-7f9840000000 ---p 00000000 00:00 0 
7f9840000000-7f9840021000 rw-p 00000000 00:00 0 
7f9840021000-7f9844000000 ---p 00000000 00:00 0 
7f9845000000-7f9845270000 rwxp 00000000 00:00 0 
7f9845270000-7f9848086000 rw-p 00000000 00:00 0 
7f9848086000-7f984c000000 ---p 00000000 00:00 0 
7f984cb0a000-7f984cbc8000 r--s 00fac000 08:01 2783284                    /usr/local/stow/android-sdk_r20.0.3/share/android-sdk-linux/platforms/android-15/android.jar
7f984cbc8000-7f984cbf0000 rw-p 00000000 00:00 0 
7f984cbf0000-7f984cbf1000 ---p 00000000 00:00 0 
7f984cbf1000-7f984ccf1000 rw-p 00000000 00:00 0 
7f984ccf1000-7f984ccf2000 ---p 00000000 00:00 0 
7f984ccf2000-7f984cdf2000 rw-p 00000000 00:00 0 
7f984cdf2000-7f984cdf3000 ---p 00000000 00:00 0 
7f984cdf3000-7f984cef3000 rw-p 00000000 00:00 0 
7f984cef3000-7f984cef4000 ---p 00000000 00:00 0 
7f984cef4000-7f984cff4000 rw-p 00000000 00:00 0 
7f984cff4000-7f984cff5000 ---p 00000000 00:00 0 
7f984cff5000-7f984d0f5000 rw-p 00000000 00:00 0 
7f984d0f5000-7f984d0f6000 ---p 00000000 00:00 0 
7f984d0f6000-7f984d1f6000 rw-p 00000000 00:00 0 
7f984d1f6000-7f984d1f7000 ---p 00000000 00:00 0 
7f984d1f7000-7f984d2f7000 rw-p 00000000 00:00 0 
7f984d2f7000-7f984d2f8000 ---p 00000000 00:00 0 
7f984d2f8000-7f984d403000 rw-p 00000000 00:00 0 
7f984d403000-7f984d44b000 rw-p 00000000 00:00 0 
7f984d44b000-7f984d475000 rw-p 00000000 00:00 0 
7f984d475000-7f984d6e1000 rw-p 00000000 00:00 0 
7f984d6e1000-7f984d6ec000 rw-p 00000000 00:00 0 
7f984d6ec000-7f984d734000 rw-p 00000000 00:00 0 
7f984d734000-7f984d75e000 rw-p 00000000 00:00 0 
7f984d75e000-7f984d9ca000 rw-p 00000000 00:00 0 
7f984d9ca000-7f984d9df000 rw-p 00000000 00:00 0 
7f984d9df000-7f984db15000 rw-p 00000000 00:00 0 
7f984db15000-7f984db16000 rw-p 00000000 00:00 0 
7f984db16000-7f984db1d000 r-xp 00000000 08:01 2907890                    /usr/lib/jvm/java-6-openjdk-amd64/jre/lib/amd64/libzip.so
7f984db1d000-7f984dd1c000 ---p 00007000 08:01 2907890                    /usr/lib/jvm/java-6-openjdk-amd64/jre/lib/amd64/libzip.so
7f984dd1c000-7f984dd1d000 r--p 00006000 08:01 2907890                    /usr/lib/jvm/java-6-openjdk-amd64/jre/lib/amd64/libzip.so
7f984dd1d000-7f984dd1e000 rw-p 00007000 08:01 2907890                    /usr/lib/jvm/java-6-openjdk-amd64/jre/lib/amd64/libzip.so
7f984dd1e000-7f984dd28000 r-xp 00000000 08:01 2354706                    /lib/x86_64-linux-gnu/libnss_nis-2.15.so
7f984dd28000-7f984df28000 ---p 0000a000 08:01 2354706                    /lib/x86_64-linux-gnu/libnss_nis-2.15.so
7f984df28000-7f984df29000 r--p 0000a000 08:01 2354706                    /lib/x86_64-linux-gnu/libnss_nis-2.15.so
7f984df29000-7f984df2a000 rw-p 0000b000 08:01 2354706                    /lib/x86_64-linux-gnu/libnss_nis-2.15.so
7f984df2a000-7f984df41000 r-xp 00000000 08:01 2354719                    /lib/x86_64-linux-gnu/libnsl-2.15.so
7f984df41000-7f984e140000 ---p 00017000 08:01 2354719                    /lib/x86_64-linux-gnu/libnsl-2.15.so
7f984e140000-7f984e141000 r--p 00016000 08:01 2354719                    /lib/x86_64-linux-gnu/libnsl-2.15.so
7f984e141000-7f984e142000 rw-p 00017000 08:01 2354719                    /lib/x86_64-linux-gnu/libnsl-2.15.so
7f984e142000-7f984e144000 rw-p 00000000 00:00 0 
7f984e144000-7f984e151000 r-xp 00000000 08:01 2354698                    /lib/x86_64-linux-gnu/libnss_nisplus-2.15.so
7f984e151000-7f984e350000 ---p 0000d000 08:01 2354698                    /lib/x86_64-linux-gnu/libnss_nisplus-2.15.so
7f984e350000-7f984e351000 r--p 0000c000 08:01 2354698                    /lib/x86_64-linux-gnu/libnss_nisplus-2.15.so
7f984e351000-7f984e352000 rw-p 0000d000 08:01 2354698                    /lib/x86_64-linux-gnu/libnss_nisplus-2.15.so
7f984e352000-7f984e35e000 r-xp 00000000 08:01 2354710                    /lib/x86_64-linux-gnu/libnss_files-2.15.so
7f984e35e000-7f984e55d000 ---p 0000c000 08:01 2354710                    /lib/x86_64-linux-gnu/libnss_files-2.15.so
7f984e55d000-7f984e55e000 r--p 0000b000 08:01 2354710                    /lib/x86_64-linux-gnu/libnss_files-2.15.so
7f984e55e000-7f984e55f000 rw-p 0000c000 08:01 2354710                    /lib/x86_64-linux-gnu/libnss_files-2.15.so
7f984e55f000-7f984e58b000 r-xp 00000000 08:01 2883143                    /usr/lib/jvm/java-6-openjdk-amd64/jre/lib/amd64/libjava.so
7f984e58b000-7f984e78a000 ---p 0002c000 08:01 2883143                    /usr/lib/jvm/java-6-openjdk-amd64/jre/lib/amd64/libjava.so
7f984e78a000-7f984e78b000 r--p 0002b000 08:01 2883143                    /usr/lib/jvm/java-6-openjdk-amd64/jre/lib/amd64/libjava.so
7f984e78b000-7f984e78e000 rw-p 0002c000 08:01 2883143                    /usr/lib/jvm/java-6-openjdk-amd64/jre/lib/amd64/libjava.so
7f984e78e000-7f984e79c000 r-xp 00000000 08:01 2907875                    /usr/lib/jvm/java-6-openjdk-amd64/jre/lib/amd64/libverify.so
7f984e79c000-7f984e99b000 ---p 0000e000 08:01 2907875                    /usr/lib/jvm/java-6-openjdk-amd64/jre/lib/amd64/libverify.so
7f984e99b000-7f984e99d000 r--p 0000d000 08:01 2907875                    /usr/lib/jvm/java-6-openjdk-amd64/jre/lib/amd64/libverify.so
7f984e99d000-7f984e99e000 rw-p 0000f000 08:01 2907875                    /usr/lib/jvm/java-6-openjdk-amd64/jre/lib/amd64/libverify.so
7f984e99e000-7f984e9a5000 r-xp 00000000 08:01 2354704                    /lib/x86_64-linux-gnu/librt-2.15.so
7f984e9a5000-7f984eba4000 ---p 00007000 08:01 2354704                    /lib/x86_64-linux-gnu/librt-2.15.so
7f984eba4000-7f984eba5000 r--p 00006000 08:01 2354704                    /lib/x86_64-linux-gnu/librt-2.15.so
7f984eba5000-7f984eba6000 rw-p 00007000 08:01 2354704                    /lib/x86_64-linux-gnu/librt-2.15.so
7f984eba6000-7f984ebbb000 r-xp 00000000 08:01 2361367                    /lib/x86_64-linux-gnu/libgcc_s.so.1
7f984ebbb000-7f984edba000 ---p 00015000 08:01 2361367                    /lib/x86_64-linux-gnu/libgcc_s.so.1
7f984edba000-7f984edbb000 r--p 00014000 08:01 2361367                    /lib/x86_64-linux-gnu/libgcc_s.so.1
7f984edbb000-7f984edbc000 rw-p 00015000 08:01 2361367                    /lib/x86_64-linux-gnu/libgcc_s.so.1
7f984edbc000-7f984eeb7000 r-xp 00000000 08:01 2354708                    /lib/x86_64-linux-gnu/libm-2.15.so
7f984eeb7000-7f984f0b6000 ---p 000fb000 08:01 2354708                    /lib/x86_64-linux-gnu/libm-2.15.so
7f984f0b6000-7f984f0b7000 r--p 000fa000 08:01 2354708                    /lib/x86_64-linux-gnu/libm-2.15.so
7f984f0b7000-7f984f0b8000 rw-p 000fb000 08:01 2354708                    /lib/x86_64-linux-gnu/libm-2.15.so
7f984f0b8000-7f984f19a000 r-xp 00000000 08:01 2619231                    /usr/lib/x86_64-linux-gnu/libstdc++.so.6.0.16
7f984f19a000-7f984f399000 ---p 000e2000 08:01 2619231                    /usr/lib/x86_64-linux-gnu/libstdc++.so.6.0.16
7f984f399000-7f984f3a1000 r--p 000e1000 08:01 2619231                    /usr/lib/x86_64-linux-gnu/libstdc++.so.6.0.16
7f984f3a1000-7f984f3a3000 rw-p 000e9000 08:01 2619231                    /usr/lib/x86_64-linux-gnu/libstdc++.so.6.0.16
7f984f3a3000-7f984f3b8000 rw-p 00000000 00:00 0 
7f984f3b8000-7f984fcbd000 r-xp 00000000 08:01 2883138                    /usr/lib/jvm/java-6-openjdk-amd64/jre/lib/amd64/server/libjvm.so
7f984fcbd000-7f984febd000 ---p 00905000 08:01 2883138                    /usr/lib/jvm/java-6-openjdk-amd64/jre/lib/amd64/server/libjvm.so
7f984febd000-7f984ff3d000 r--p 00905000 08:01 2883138                    /usr/lib/jvm/java-6-openjdk-amd64/jre/lib/amd64/server/libjvm.so
7f984ff3d000-7f984ff58000 rw-p 00985000 08:01 2883138                    /usr/lib/jvm/java-6-openjdk-amd64/jre/lib/amd64/server/libjvm.so
7f984ff58000-7f984ff81000 rw-p 00000000 00:00 0 
7f984ff81000-7f984ff97000 r-xp 00000000 08:01 2361256                    /lib/x86_64-linux-gnu/libz.so.1.2.3.4
7f984ff97000-7f9850196000 ---p 00016000 08:01 2361256                    /lib/x86_64-linux-gnu/libz.so.1.2.3.4
7f9850196000-7f9850197000 r--p 00015000 08:01 2361256                    /lib/x86_64-linux-gnu/libz.so.1.2.3.4
7f9850197000-7f9850198000 rw-p 00016000 08:01 2361256                    /lib/x86_64-linux-gnu/libz.so.1.2.3.4
7f9850198000-7f985034d000 r-xp 00000000 08:01 2354700                    /lib/x86_64-linux-gnu/libc-2.15.so
7f985034d000-7f985054c000 ---p 001b5000 08:01 2354700                    /lib/x86_64-linux-gnu/libc-2.15.so
7f985054c000-7f9850550000 r--p 001b4000 08:01 2354700                    /lib/x86_64-linux-gnu/libc-2.15.so
7f9850550000-7f9850552000 rw-p 001b8000 08:01 2354700                    /lib/x86_64-linux-gnu/libc-2.15.so
7f9850552000-7f9850557000 rw-p 00000000 00:00 0 
7f9850557000-7f9850559000 r-xp 00000000 08:01 2354699                    /lib/x86_64-linux-gnu/libdl-2.15.so
7f9850559000-7f9850759000 ---p 00002000 08:01 2354699                    /lib/x86_64-linux-gnu/libdl-2.15.so
7f9850759000-7f985075a000 r--p 00002000 08:01 2354699                    /lib/x86_64-linux-gnu/libdl-2.15.so
7f985075a000-7f985075b000 rw-p 00003000 08:01 2354699                    /lib/x86_64-linux-gnu/libdl-2.15.so
7f985075b000-7f985075f000 r-xp 00000000 08:01 2883144                    /usr/lib/jvm/java-6-openjdk-amd64/jre/lib/amd64/jli/libjli.so
7f985075f000-7f985095e000 ---p 00004000 08:01 2883144                    /usr/lib/jvm/java-6-openjdk-amd64/jre/lib/amd64/jli/libjli.so
7f985095e000-7f985095f000 r--p 00003000 08:01 2883144                    /usr/lib/jvm/java-6-openjdk-amd64/jre/lib/amd64/jli/libjli.so
7f985095f000-7f9850960000 rw-p 00004000 08:01 2883144                    /usr/lib/jvm/java-6-openjdk-amd64/jre/lib/amd64/jli/libjli.so
7f9850960000-7f9850978000 r-xp 00000000 08:01 2354702                    /lib/x86_64-linux-gnu/libpthread-2.15.so
7f9850978000-7f9850b77000 ---p 00018000 08:01 2354702                    /lib/x86_64-linux-gnu/libpthread-2.15.so
7f9850b77000-7f9850b78000 r--p 00017000 08:01 2354702                    /lib/x86_64-linux-gnu/libpthread-2.15.so
7f9850b78000-7f9850b79000 rw-p 00018000 08:01 2354702                    /lib/x86_64-linux-gnu/libpthread-2.15.so
7f9850b79000-7f9850b7d000 rw-p 00000000 00:00 0 
7f9850b7d000-7f9850b9f000 r-xp 00000000 08:01 2354714                    /lib/x86_64-linux-gnu/ld-2.15.so
7f9850ba8000-7f9850bb2000 rw-p 00000000 00:00 0 
7f9850bb2000-7f9850c68000 rw-p 00000000 00:00 0 
7f9850c68000-7f9850c6b000 ---p 00000000 00:00 0 
7f9850c6b000-7f9850d6e000 rw-p 00000000 00:00 0 
7f9850d93000-7f9850d9b000 rw-s 00000000 08:06 42                         /tmp/hsperfdata_padlesky/13766
7f9850d9b000-7f9850d9c000 rw-p 00000000 00:00 0 
7f9850d9c000-7f9850d9d000 r--p 00000000 00:00 0 
7f9850d9d000-7f9850d9f000 rw-p 00000000 00:00 0 
7f9850d9f000-7f9850da0000 r--p 00022000 08:01 2354714                    /lib/x86_64-linux-gnu/ld-2.15.so
7f9850da0000-7f9850da2000 rw-p 00023000 08:01 2354714                    /lib/x86_64-linux-gnu/ld-2.15.so
7fffada76000-7fffada97000 rw-p 00000000 00:00 0                          [stack]
7fffadb81000-7fffadb82000 r-xp 00000000 00:00 0                          [vdso]
ffffffffff600000-ffffffffff601000 r-xp 00000000 00:00 0                  [vsyscall]

VM Arguments:
jvm_args: -Dfile.encoding=UTF-8 -Xbootclasspath:/home/dsk06/cscrs/c301/android-sdk-linux/platforms/android-15/android.jar 
java_command: org.eclipse.jdt.internal.junit.runner.RemoteTestRunner -version 3 -port 52171 -testLoaderClass org.eclipse.jdt.internal.junit4.runner.JUnit4TestLoader -loaderpluginname org.eclipse.jdt.junit4.runtime -classNames ca.ualberta.cs.c301f12t01.testing.TextResponseTest
Launcher Type: SUN_STANDARD

Environment Variables:
PATH=/usr/local/bin:/usr/bin:/bin:/usr/local/matlab/bin:/usr/games
LD_LIBRARY_PATH=/usr/lib/jvm/java-6-openjdk-amd64/jre/lib/amd64/server:/usr/lib/jvm/java-6-openjdk-amd64/jre/lib/amd64:/usr/lib/jvm/java-6-openjdk-amd64/jre/../lib/amd64
SHELL=/bin/bash
DISPLAY=:0.0

Signal Handlers:
SIGSEGV: [libjvm.so+0x7852e0], sa_mask[0]=0x7ffbfeff, sa_flags=0x10000004
SIGBUS: [libjvm.so+0x7852e0], sa_mask[0]=0x7ffbfeff, sa_flags=0x10000004
SIGFPE: [libjvm.so+0x648d40], sa_mask[0]=0x7ffbfeff, sa_flags=0x10000004
SIGPIPE: [libjvm.so+0x648d40], sa_mask[0]=0x7ffbfeff, sa_flags=0x10000004
SIGXFSZ: [libjvm.so+0x648d40], sa_mask[0]=0x7ffbfeff, sa_flags=0x10000004
SIGILL: [libjvm.so+0x648d40], sa_mask[0]=0x7ffbfeff, sa_flags=0x10000004
SIGUSR1: SIG_DFL, sa_mask[0]=0x00000000, sa_flags=0x00000000
SIGUSR2: [libjvm.so+0x648ef0], sa_mask[0]=0x00000004, sa_flags=0x10000004
SIGHUP: SIG_DFL, sa_mask[0]=0x00000000, sa_flags=0x00000000
SIGINT: SIG_DFL, sa_mask[0]=0x00000000, sa_flags=0x00000000
SIGTERM: SIG_DFL, sa_mask[0]=0x00000000, sa_flags=0x00000000
SIGQUIT: SIG_DFL, sa_mask[0]=0x00000000, sa_flags=0x00000000


---------------  S Y S T E M  ---------------

OS:Ubuntu 12.04 (precise)
uname:Linux 3.2.0-32-generic #51-Ubuntu SMP Wed Sep 26 21:33:09 UTC 2012 x86_64
libc:glibc 2.15 NPTL 2.15 
rlimit: STACK 8192k, CORE 0k, NPROC 63402, NOFILE 4096, AS infinity
load average:7.17 7.24 7.23

/proc/meminfo:
MemTotal:        8133536 kB
MemFree:          128872 kB
Buffers:          175288 kB
Cached:          6091340 kB
SwapCached:            0 kB
Active:          1806344 kB
Inactive:        5891228 kB
Active(anon):    1208492 kB
Inactive(anon):   235256 kB
Active(file):     597852 kB
Inactive(file):  5655972 kB
Unevictable:           0 kB
Mlocked:               0 kB
SwapTotal:       8393956 kB
SwapFree:        8393956 kB
Dirty:                68 kB
Writeback:             0 kB
AnonPages:       1431384 kB
Mapped:           158716 kB
Shmem:             12688 kB
Slab:             144428 kB
SReclaimable:     109576 kB
SUnreclaim:        34852 kB
KernelStack:        3408 kB
PageTables:        19624 kB
NFS_Unstable:          0 kB
Bounce:                0 kB
WritebackTmp:          0 kB
CommitLimit:    12460724 kB
Committed_AS:    3165880 kB
VmallocTotal:   34359738367 kB
VmallocUsed:      131096 kB
VmallocChunk:   34359604860 kB
HardwareCorrupted:     0 kB
AnonHugePages:         0 kB
HugePages_Total:       0
HugePages_Free:        0
HugePages_Rsvd:        0
HugePages_Surp:        0
Hugepagesize:       2048 kB
DirectMap4k:      131072 kB
DirectMap2M:     8216576 kB


CPU:total 8 (4 cores per cpu, 2 threads per core) family 6 model 42 stepping 7, cmov, cx8, fxsr, mmx, sse, sse2, sse3, ssse3, sse4.1, sse4.2, popcnt, ht

Memory: 4k page, physical 8133536k(128872k free), swap 8393956k(8393956k free)

vm_info: OpenJDK 64-Bit Server VM (20.0-b12) for linux-amd64 JRE (1.6.0_24-b24), built on Oct 24 2012 16:17:28 by "buildd" with gcc 4.6.3

time: Sun Nov  4 16:24:41 2012
elapsed time: 0 seconds

