#
# A fatal error has been detected by the Java Runtime Environment:
#
#  Internal Error (javaClasses.cpp:129), pid=30800, tid=3079514992
#  fatal error: Invalid layout of preloaded class
#
# JRE version: 7.0_07-b10
# Java VM: Java HotSpot(TM) Client VM (23.3-b01 mixed mode linux-x86 )
# Failed to write core dump. Core dumps have been disabled. To enable core dumping, try "ulimit -c unlimited" before starting Java again
#
# If you would like to submit a bug report, please visit:
#   http://bugreport.sun.com/bugreport/crash.jsp
#

---------------  T H R E A D  ---------------

Current thread (0x08604800):  JavaThread "Unknown thread" [_thread_in_vm, id=30807, stack(0xb788a000,0xb78db000)]

Stack: [0xb788a000,0xb78db000],  sp=0xb78d9dc0,  free space=319k
Native frames: (J=compiled Java code, j=interpreted, Vv=VM code, C=native code)
V  [libjvm.so+0x48fe79]  VMError::report_and_die()+0x199
V  [libjvm.so+0x1c49ec]  report_fatal(char const*, int, char const*)+0x4c
V  [libjvm.so+0x281d80]  compute_offset(int&, klassOopDesc*, Symbol*, Symbol*, bool)+0x110
V  [libjvm.so+0x286314]  java_lang_String::compute_offsets()+0x44
V  [libjvm.so+0x433555]  SystemDictionary::initialize_preloaded_classes(Thread*)+0x225
V  [libjvm.so+0x4711a8]  Universe::genesis(Thread*)+0x3f8
V  [libjvm.so+0x47161f]  universe2_init()+0x1f
V  [libjvm.so+0x247eb0]  init_globals()+0xa0
V  [libjvm.so+0x462979]  Threads::create_vm(JavaVMInitArgs*, bool*)+0x1f9
V  [libjvm.so+0x28f8fc]  JNI_CreateJavaVM+0x5c
C  [libjli.so+0x2a61]  JavaMain+0xa1
C  [libpthread.so.0+0x5e99]  start_thread+0xd9


---------------  P R O C E S S  ---------------

Java Threads: ( => current thread )

Other Threads:

=>0x08604800 (exited) JavaThread "Unknown thread" [_thread_in_vm, id=30807, stack(0xb788a000,0xb78db000)]

VM state:not at safepoint (not fully initialized)

VM Mutex/Monitor currently owned by a thread: None

GC Heap History (0 events):
No events

Deoptimization events (0 events):
No events

Internal exceptions (0 events):
No events

Events (10 events):
Event: 0.437 loading class 0x0862c288 done
Event: 0.438 loading class 0x0862bbc8 done
Event: 0.438 loading class 0x0862bba0
Event: 0.438 loading class 0x0864b780
Event: 0.438 loading class 0x0864b780 done
Event: 0.438 loading class 0x0864b7b8
Event: 0.438 loading class 0x0864b7b8 done
Event: 0.438 loading class 0x0864b7f0
Event: 0.438 loading class 0x0864b7f0 done
Event: 0.439 loading class 0x0862bba0 done


Dynamic libraries:
00110000-0026a000 r-xp 00000000 08:01 787358     /lib/i386-linux-gnu/libc-2.13.so
0026a000-0026b000 ---p 0015a000 08:01 787358     /lib/i386-linux-gnu/libc-2.13.so
0026b000-0026d000 r--p 0015a000 08:01 787358     /lib/i386-linux-gnu/libc-2.13.so
0026d000-0026e000 rw-p 0015c000 08:01 787358     /lib/i386-linux-gnu/libc-2.13.so
0026e000-00271000 rw-p 00000000 00:00 0 
00271000-00295000 r-xp 00000000 08:01 787395     /lib/i386-linux-gnu/libm-2.13.so
00295000-00296000 r--p 00023000 08:01 787395     /lib/i386-linux-gnu/libm-2.13.so
00296000-00297000 rw-p 00024000 08:01 787395     /lib/i386-linux-gnu/libm-2.13.so
00297000-002a2000 r-xp 00000000 08:01 1058157    /usr/lib/jvm/jdk1.7.0/jre/lib/i386/libverify.so
002a2000-002a3000 rw-p 0000b000 08:01 1058157    /usr/lib/jvm/jdk1.7.0/jre/lib/i386/libverify.so
002a3000-002b6000 r-xp 00000000 08:01 787398     /lib/i386-linux-gnu/libnsl-2.13.so
002b6000-002b7000 r--p 00012000 08:01 787398     /lib/i386-linux-gnu/libnsl-2.13.so
002b7000-002b8000 rw-p 00013000 08:01 787398     /lib/i386-linux-gnu/libnsl-2.13.so
002b8000-002ba000 rw-p 00000000 00:00 0 
002ba000-002c3000 r-xp 00000000 08:01 787408     /lib/i386-linux-gnu/libnss_nis-2.13.so
002c3000-002c4000 r--p 00008000 08:01 787408     /lib/i386-linux-gnu/libnss_nis-2.13.so
002c4000-002c5000 rw-p 00009000 08:01 787408     /lib/i386-linux-gnu/libnss_nis-2.13.so
002c5000-002cf000 r-xp 00000000 08:01 787404     /lib/i386-linux-gnu/libnss_files-2.13.so
002cf000-002d0000 r--p 00009000 08:01 787404     /lib/i386-linux-gnu/libnss_files-2.13.so
002d0000-002d1000 rw-p 0000a000 08:01 787404     /lib/i386-linux-gnu/libnss_files-2.13.so
002d1000-002e8000 r-xp 00000000 08:01 1058213    /usr/lib/jvm/jdk1.7.0/jre/lib/i386/libzip.so
002e8000-002e9000 rw-p 00017000 08:01 1058213    /usr/lib/jvm/jdk1.7.0/jre/lib/i386/libzip.so
00437000-0043d000 r-xp 00000000 08:01 787400     /lib/i386-linux-gnu/libnss_compat-2.13.so
0043d000-0043e000 r--p 00005000 08:01 787400     /lib/i386-linux-gnu/libnss_compat-2.13.so
0043e000-0043f000 rw-p 00006000 08:01 787400     /lib/i386-linux-gnu/libnss_compat-2.13.so
0047e000-0049a000 r-xp 00000000 08:01 787345     /lib/i386-linux-gnu/ld-2.13.so
0049a000-0049b000 r--p 0001b000 08:01 787345     /lib/i386-linux-gnu/ld-2.13.so
0049b000-0049c000 rw-p 0001c000 08:01 787345     /lib/i386-linux-gnu/ld-2.13.so
00563000-0056a000 r-xp 00000000 08:01 787427     /lib/i386-linux-gnu/librt-2.13.so
0056a000-0056b000 r--p 00006000 08:01 787427     /lib/i386-linux-gnu/librt-2.13.so
0056b000-0056c000 rw-p 00007000 08:01 787427     /lib/i386-linux-gnu/librt-2.13.so
005d7000-005ec000 r-xp 00000000 08:01 787423     /lib/i386-linux-gnu/libpthread-2.13.so
005ec000-005ed000 r--p 00015000 08:01 787423     /lib/i386-linux-gnu/libpthread-2.13.so
005ed000-005ee000 rw-p 00016000 08:01 787423     /lib/i386-linux-gnu/libpthread-2.13.so
005ee000-005f0000 rw-p 00000000 00:00 0 
00651000-00652000 r-xp 00000000 00:00 0          [vdso]
00688000-006ab000 r-xp 00000000 08:01 1058175    /usr/lib/jvm/jdk1.7.0/jre/lib/i386/libjava.so
006ab000-006ac000 rw-p 00023000 08:01 1058175    /usr/lib/jvm/jdk1.7.0/jre/lib/i386/libjava.so
0075a000-0076d000 r-xp 00000000 08:01 1058179    /usr/lib/jvm/jdk1.7.0/jre/lib/i386/jli/libjli.so
0076d000-0076e000 rw-p 00012000 08:01 1058179    /usr/lib/jvm/jdk1.7.0/jre/lib/i386/jli/libjli.so
0085c000-0085e000 r-xp 00000000 08:01 787368     /lib/i386-linux-gnu/libdl-2.13.so
0085e000-0085f000 r--p 00001000 08:01 787368     /lib/i386-linux-gnu/libdl-2.13.so
0085f000-00860000 rw-p 00002000 08:01 787368     /lib/i386-linux-gnu/libdl-2.13.so
00860000-00d73000 r-xp 00000000 08:01 1058170    /usr/lib/jvm/jdk1.7.0/jre/lib/i386/client/libjvm.so
00d73000-00d90000 rw-p 00513000 08:01 1058170    /usr/lib/jvm/jdk1.7.0/jre/lib/i386/client/libjvm.so
00d90000-011af000 rw-p 00000000 00:00 0 
08048000-08049000 r-xp 00000000 08:01 1057640    /usr/lib/jvm/jdk1.7.0/bin/java
08049000-0804a000 rw-p 00000000 08:01 1057640    /usr/lib/jvm/jdk1.7.0/bin/java
085fd000-08661000 rw-p 00000000 00:00 0          [heap]
a14db000-a162a000 rw-p 00000000 00:00 0 
a162a000-a16e8000 r--s 00fac000 08:01 1065779    /home/home/Desktop/android-sdk-linux/platforms/android-15/android.jar
a16e8000-a16ef000 rw-p 00000000 00:00 0 
a16ef000-a1709000 rw-p 00000000 00:00 0 
a1709000-a170f000 rw-p 00000000 00:00 0 
a170f000-a175f000 rw-p 00000000 00:00 0 
a175f000-a1762000 rw-p 00000000 00:00 0 
a1762000-a1789000 rw-p 00000000 00:00 0 
a1789000-a178f000 rw-p 00000000 00:00 0 
a178f000-a17df000 rw-p 00000000 00:00 0 
a17df000-a17e5000 rw-p 00000000 00:00 0 
a17e5000-a17ff000 rw-p 00000000 00:00 0 
a17ff000-a1d50000 rw-p 00000000 00:00 0 
a1d50000-a6d50000 rw-p 00000000 00:00 0 
a6d50000-a7800000 rw-p 00000000 00:00 0 
a7800000-b1800000 rw-p 00000000 00:00 0 
b1800000-b2400000 rw-p 00000000 00:00 0 
b2400000-b5800000 rw-p 00000000 00:00 0 
b580a000-b580b000 rw-p 00000000 00:00 0 
b580b000-b588a000 rw-p 00000000 00:00 0 
b588a000-b58ba000 rwxp 00000000 00:00 0 
b58ba000-b788a000 rw-p 00000000 00:00 0 
b788a000-b788d000 ---p 00000000 00:00 0 
b788d000-b78dd000 rw-p 00000000 00:00 0 
b78e1000-b78e9000 rw-s 00000000 08:01 153837     /tmp/hsperfdata_home/30800
b78e9000-b78ea000 rw-p 00000000 00:00 0 
b78ea000-b78eb000 r--p 00000000 00:00 0 
b78eb000-b78ed000 rw-p 00000000 00:00 0 
bfaf7000-bfb18000 rw-p 00000000 00:00 0          [stack]

VM Arguments:
jvm_args: -Dfile.encoding=UTF-8 -Xbootclasspath:/home/home/Desktop/android-sdk-linux/platforms/android-15/android.jar 
java_command: org.eclipse.jdt.internal.junit.runner.RemoteTestRunner -version 3 -port 51381 -testLoaderClass org.eclipse.jdt.internal.junit4.runner.JUnit4TestLoader -loaderpluginname org.eclipse.jdt.junit4.runtime -classNames ca.ualberta.cs.c301f12t01.testing.TaskManagerTesting
Launcher Type: SUN_STANDARD

Environment Variables:
PATH=/usr/local/sbin:/usr/local/bin:/usr/sbin:/usr/bin:/sbin:/bin:/usr/games
USERNAME=home
LD_LIBRARY_PATH=/usr/lib/jvm/jdk1.7.0/jre/lib/i386/client:/usr/lib/jvm/jdk1.7.0/jre/lib/i386:
SHELL=/bin/bash
DISPLAY=:0.0

Signal Handlers:
SIGSEGV: [libjvm.so+0x4909c0], sa_mask[0]=0x7ffbfeff, sa_flags=0x10000004
SIGBUS: [libjvm.so+0x4909c0], sa_mask[0]=0x7ffbfeff, sa_flags=0x10000004
SIGFPE: [libjvm.so+0x3a44e0], sa_mask[0]=0x7ffbfeff, sa_flags=0x10000004
SIGPIPE: [libjvm.so+0x3a44e0], sa_mask[0]=0x7ffbfeff, sa_flags=0x10000004
SIGXFSZ: [libjvm.so+0x3a44e0], sa_mask[0]=0x7ffbfeff, sa_flags=0x10000004
SIGILL: [libjvm.so+0x3a44e0], sa_mask[0]=0x7ffbfeff, sa_flags=0x10000004
SIGUSR1: SIG_DFL, sa_mask[0]=0x00000000, sa_flags=0x00000000
SIGUSR2: [libjvm.so+0x3a3dc0], sa_mask[0]=0x00000004, sa_flags=0x10000004
SIGHUP: SIG_DFL, sa_mask[0]=0x00000000, sa_flags=0x00000000
SIGINT: SIG_DFL, sa_mask[0]=0x00000000, sa_flags=0x00000000
SIGTERM: SIG_DFL, sa_mask[0]=0x00000000, sa_flags=0x00000000
SIGQUIT: SIG_DFL, sa_mask[0]=0x00000000, sa_flags=0x00000000


---------------  S Y S T E M  ---------------

OS:squeeze/sid

uname:Linux 2.6.38-8-generic #42-Ubuntu SMP Mon Apr 11 03:31:50 UTC 2011 i686
libc:glibc 2.13 NPTL 2.13 
rlimit: STACK 8192k, CORE 0k, NPROC infinity, NOFILE 4096, AS infinity
load average:0.25 0.14 0.20

/proc/meminfo:
MemTotal:        2060020 kB
MemFree:          162436 kB
Buffers:           63552 kB
Cached:           937304 kB
SwapCached:        11824 kB
Active:          1280008 kB
Inactive:         549976 kB
Active(anon):     689372 kB
Inactive(anon):   147108 kB
Active(file):     590636 kB
Inactive(file):   402868 kB
Unevictable:           0 kB
Mlocked:               0 kB
HighTotal:       1187720 kB
HighFree:           1744 kB
LowTotal:         872300 kB
LowFree:          160692 kB
SwapTotal:       2094076 kB
SwapFree:        2055360 kB
Dirty:              1520 kB
Writeback:             0 kB
AnonPages:        820400 kB
Mapped:            88516 kB
Shmem:              7284 kB
Slab:              47204 kB
SReclaimable:      35700 kB
SUnreclaim:        11504 kB
KernelStack:        2720 kB
PageTables:         7392 kB
NFS_Unstable:          0 kB
Bounce:                0 kB
WritebackTmp:          0 kB
CommitLimit:     3124084 kB
Committed_AS:    2435476 kB
VmallocTotal:     122880 kB
VmallocUsed:        8196 kB
VmallocChunk:     109372 kB
HardwareCorrupted:     0 kB
HugePages_Total:       0
HugePages_Free:        0
HugePages_Rsvd:        0
HugePages_Surp:        0
Hugepagesize:       4096 kB
DirectMap4k:       16376 kB
DirectMap4M:      892928 kB


CPU:total 1 (1 cores per cpu, 1 threads per core) family 6 model 37 stepping 2, cmov, cx8, fxsr, mmx, sse, sse2, sse3, ssse3, sse4.1, sse4.2, popcnt, tsc, tscinvbit

/proc/cpuinfo:
processor	: 0
vendor_id	: GenuineIntel
cpu family	: 6
model		: 37
model name	: Intel(R) Core(TM) i5 CPU       M 520  @ 2.40GHz
stepping	: 2
cpu MHz		: 2393.959
cache size	: 3072 KB
fdiv_bug	: no
hlt_bug		: no
f00f_bug	: no
coma_bug	: no
fpu		: yes
fpu_exception	: yes
cpuid level	: 11
wp		: yes
flags		: fpu vme de pse tsc msr pae mce cx8 apic mtrr pge mca cmov pat pse36 clflush dts acpi mmx fxsr sse sse2 ss nx rdtscp lm constant_tsc up arch_perfmon pebs bts xtopology tsc_reliable nonstop_tsc aperfmperf pni pclmulqdq ssse3 cx16 sse4_1 sse4_2 popcnt aes hypervisor lahf_lm ida arat dts
bogomips	: 4787.91
clflush size	: 64
cache_alignment	: 64
address sizes	: 40 bits physical, 48 bits virtual
power management:



Memory: 4k page, physical 2060020k(162436k free), swap 2094076k(2055360k free)

vm_info: Java HotSpot(TM) Client VM (23.3-b01) for linux-x86 JRE (1.7.0_07-b10), built on Aug 28 2012 18:07:06 by "java_re" with gcc 4.3.0 20080428 (Red Hat 4.3.0-8)

time: Sat Nov  3 14:49:46 2012
elapsed time: 0 seconds

