#
# A fatal error has been detected by the Java Runtime Environment:
#
#  Internal Error (classFileParser.cpp:3494), pid=13546, tid=140604267763456
#  Error: ShouldNotReachHere()
#
# JRE version: 6.0_24-b24
# Java VM: OpenJDK 64-Bit Server VM (20.0-b12 mixed mode linux-amd64 compressed oops)
# Derivative: IcedTea6 1.11.5
# Distribution: Ubuntu 12.04 LTS, package 6b24-1.11.5-0ubuntu1~12.04.1
# If you would like to submit a bug report, please include
# instructions how to reproduce the bug and visit:
#   https://bugs.launchpad.net/ubuntu/+source/openjdk-6/
#

---------------  T H R E A D  ---------------

Current thread (0x00007fe0f4008000):  JavaThread "Unknown thread" [_thread_in_vm, id=13548, stack(0x00007fe0fb5f1000,0x00007fe0fb6f2000)]

Stack: [0x00007fe0fb5f1000,0x00007fe0fb6f2000],  sp=0x00007fe0fb6f0080,  free space=1020k
Native frames: (J=compiled Java code, j=interpreted, Vv=VM code, C=native code)
V  [libjvm.so+0x7846a5]  VMError::report(outputStream*)+0x1255
V  [libjvm.so+0x784929]  VMError::report_and_die()+0x169
V  [libjvm.so+0x3bb5ea]  report_vm_error(char const*, int, char const*, char const*)+0x4a
V  [libjvm.so+0x351985]  ClassFileParser::parseClassFile(symbolHandle, Handle, Handle, KlassHandle, GrowableArray<Handle>*, symbolHandle&, bool, Thread*)+0x1545
V  [libjvm.so+0x355be3]  ClassLoader::load_classfile(symbolHandle, Thread*)+0x1f3
V  [libjvm.so+0x71c854]  SystemDictionary::load_instance_class(symbolHandle, Handle, Thread*)+0x354
V  [libjvm.so+0x71af60]  SystemDictionary::resolve_instance_class_or_null(symbolHandle, Handle, Handle, Thread*)+0x7c0
V  [libjvm.so+0x71cee3]  SystemDictionary::resolve_or_fail(symbolHandle, Handle, Handle, bool, Thread*)+0x33
V  [libjvm.so+0x71cfc4]  SystemDictionary::resolve_or_fail(symbolHandle, bool, Thread*)+0x14
V  [libjvm.so+0x71d070]  SystemDictionary::initialize_wk_klass(SystemDictionary::WKID, int, Thread*)+0xa0
V  [libjvm.so+0x71d0d9]  SystemDictionary::initialize_wk_klasses_until(SystemDictionary::WKID, SystemDictionary::WKID&, Thread*)+0x59
V  [libjvm.so+0x71d1d1]  SystemDictionary::initialize_preloaded_classes(Thread*)+0x71
V  [libjvm.so+0x760a5f]  Universe::genesis(Thread*)+0x11f
V  [libjvm.so+0x76140f]  universe2_init()+0x1f
V  [libjvm.so+0x474675]  init_globals()+0x95
V  [libjvm.so+0x74b38a]  Threads::create_vm(JavaVMInitArgs*, bool*)+0x1ea
V  [libjvm.so+0x4ce4d1]  JNI_CreateJavaVM+0x61
C  [java+0x317e]  JavaMain+0x7e


---------------  P R O C E S S  ---------------

Java Threads: ( => current thread )

Other Threads:

=>0x00007fe0f4008000 (exited) JavaThread "Unknown thread" [_thread_in_vm, id=13548, stack(0x00007fe0fb5f1000,0x00007fe0fb6f2000)]

VM state:not at safepoint (not fully initialized)

VM Mutex/Monitor currently owned by a thread: None

Dynamic libraries:
00400000-00409000 r-xp 00000000 08:01 2907907                            /usr/lib/jvm/java-6-openjdk-amd64/jre/bin/java
00608000-00609000 r--p 00008000 08:01 2907907                            /usr/lib/jvm/java-6-openjdk-amd64/jre/bin/java
00609000-0060a000 rw-p 00009000 08:01 2907907                            /usr/lib/jvm/java-6-openjdk-amd64/jre/bin/java
0224f000-02270000 rw-p 00000000 00:00 0                                  [heap]
779800000-77acc0000 rw-p 00000000 00:00 0 
77acc0000-783e00000 rw-p 00000000 00:00 0 
783e00000-7890c0000 rw-p 00000000 00:00 0 
7890c0000-7d6a00000 rw-p 00000000 00:00 0 
7d6a00000-7d9360000 rw-p 00000000 00:00 0 
7d9360000-800000000 rw-p 00000000 00:00 0 
7fe0cc000000-7fe0cc021000 rw-p 00000000 00:00 0 
7fe0cc021000-7fe0d0000000 ---p 00000000 00:00 0 
7fe0d4000000-7fe0d4021000 rw-p 00000000 00:00 0 
7fe0d4021000-7fe0d8000000 ---p 00000000 00:00 0 
7fe0d8000000-7fe0d8021000 rw-p 00000000 00:00 0 
7fe0d8021000-7fe0dc000000 ---p 00000000 00:00 0 
7fe0dc000000-7fe0dc021000 rw-p 00000000 00:00 0 
7fe0dc021000-7fe0e0000000 ---p 00000000 00:00 0 
7fe0e0000000-7fe0e0021000 rw-p 00000000 00:00 0 
7fe0e0021000-7fe0e4000000 ---p 00000000 00:00 0 
7fe0e4000000-7fe0e4021000 rw-p 00000000 00:00 0 
7fe0e4021000-7fe0e8000000 ---p 00000000 00:00 0 
7fe0e8000000-7fe0e8021000 rw-p 00000000 00:00 0 
7fe0e8021000-7fe0ec000000 ---p 00000000 00:00 0 
7fe0ec000000-7fe0ec021000 rw-p 00000000 00:00 0 
7fe0ec021000-7fe0f0000000 ---p 00000000 00:00 0 
7fe0f047c000-7fe0f053a000 r--s 00fac000 08:01 2783284                    /usr/local/stow/android-sdk_r20.0.3/share/android-sdk-linux/platforms/android-15/android.jar
7fe0f053a000-7fe0f0562000 rw-p 00000000 00:00 0 
7fe0f0562000-7fe0f0563000 ---p 00000000 00:00 0 
7fe0f0563000-7fe0f0663000 rw-p 00000000 00:00 0 
7fe0f0663000-7fe0f0664000 ---p 00000000 00:00 0 
7fe0f0664000-7fe0f0764000 rw-p 00000000 00:00 0 
7fe0f0764000-7fe0f0765000 ---p 00000000 00:00 0 
7fe0f0765000-7fe0f0865000 rw-p 00000000 00:00 0 
7fe0f0865000-7fe0f0866000 ---p 00000000 00:00 0 
7fe0f0866000-7fe0f0966000 rw-p 00000000 00:00 0 
7fe0f0966000-7fe0f0967000 ---p 00000000 00:00 0 
7fe0f0967000-7fe0f0a67000 rw-p 00000000 00:00 0 
7fe0f0a67000-7fe0f0a68000 ---p 00000000 00:00 0 
7fe0f0a68000-7fe0f0b68000 rw-p 00000000 00:00 0 
7fe0f0b68000-7fe0f0b69000 ---p 00000000 00:00 0 
7fe0f0b69000-7fe0f0c69000 rw-p 00000000 00:00 0 
7fe0f0c69000-7fe0f0c6a000 ---p 00000000 00:00 0 
7fe0f0c6a000-7fe0f0d94000 rw-p 00000000 00:00 0 
7fe0f0d94000-7fe0f1000000 rw-p 00000000 00:00 0 
7fe0f1000000-7fe0f1270000 rwxp 00000000 00:00 0 
7fe0f1270000-7fe0f4086000 rw-p 00000000 00:00 0 
7fe0f4086000-7fe0f8000000 ---p 00000000 00:00 0 
7fe0f8017000-7fe0f8022000 rw-p 00000000 00:00 0 
7fe0f8022000-7fe0f806a000 rw-p 00000000 00:00 0 
7fe0f806a000-7fe0f8075000 rw-p 00000000 00:00 0 
7fe0f8075000-7fe0f80bd000 rw-p 00000000 00:00 0 
7fe0f80bd000-7fe0f80e7000 rw-p 00000000 00:00 0 
7fe0f80e7000-7fe0f8353000 rw-p 00000000 00:00 0 
7fe0f8353000-7fe0f8368000 rw-p 00000000 00:00 0 
7fe0f8368000-7fe0f849e000 rw-p 00000000 00:00 0 
7fe0f849e000-7fe0f849f000 rw-p 00000000 00:00 0 
7fe0f849f000-7fe0f84a6000 r-xp 00000000 08:01 2907890                    /usr/lib/jvm/java-6-openjdk-amd64/jre/lib/amd64/libzip.so
7fe0f84a6000-7fe0f86a5000 ---p 00007000 08:01 2907890                    /usr/lib/jvm/java-6-openjdk-amd64/jre/lib/amd64/libzip.so
7fe0f86a5000-7fe0f86a6000 r--p 00006000 08:01 2907890                    /usr/lib/jvm/java-6-openjdk-amd64/jre/lib/amd64/libzip.so
7fe0f86a6000-7fe0f86a7000 rw-p 00007000 08:01 2907890                    /usr/lib/jvm/java-6-openjdk-amd64/jre/lib/amd64/libzip.so
7fe0f86a7000-7fe0f86b1000 r-xp 00000000 08:01 2354706                    /lib/x86_64-linux-gnu/libnss_nis-2.15.so
7fe0f86b1000-7fe0f88b1000 ---p 0000a000 08:01 2354706                    /lib/x86_64-linux-gnu/libnss_nis-2.15.so
7fe0f88b1000-7fe0f88b2000 r--p 0000a000 08:01 2354706                    /lib/x86_64-linux-gnu/libnss_nis-2.15.so
7fe0f88b2000-7fe0f88b3000 rw-p 0000b000 08:01 2354706                    /lib/x86_64-linux-gnu/libnss_nis-2.15.so
7fe0f88b3000-7fe0f88ca000 r-xp 00000000 08:01 2354719                    /lib/x86_64-linux-gnu/libnsl-2.15.so
7fe0f88ca000-7fe0f8ac9000 ---p 00017000 08:01 2354719                    /lib/x86_64-linux-gnu/libnsl-2.15.so
7fe0f8ac9000-7fe0f8aca000 r--p 00016000 08:01 2354719                    /lib/x86_64-linux-gnu/libnsl-2.15.so
7fe0f8aca000-7fe0f8acb000 rw-p 00017000 08:01 2354719                    /lib/x86_64-linux-gnu/libnsl-2.15.so
7fe0f8acb000-7fe0f8acd000 rw-p 00000000 00:00 0 
7fe0f8acd000-7fe0f8ada000 r-xp 00000000 08:01 2354698                    /lib/x86_64-linux-gnu/libnss_nisplus-2.15.so
7fe0f8ada000-7fe0f8cd9000 ---p 0000d000 08:01 2354698                    /lib/x86_64-linux-gnu/libnss_nisplus-2.15.so
7fe0f8cd9000-7fe0f8cda000 r--p 0000c000 08:01 2354698                    /lib/x86_64-linux-gnu/libnss_nisplus-2.15.so
7fe0f8cda000-7fe0f8cdb000 rw-p 0000d000 08:01 2354698                    /lib/x86_64-linux-gnu/libnss_nisplus-2.15.so
7fe0f8cdb000-7fe0f8ce7000 r-xp 00000000 08:01 2354710                    /lib/x86_64-linux-gnu/libnss_files-2.15.so
7fe0f8ce7000-7fe0f8ee6000 ---p 0000c000 08:01 2354710                    /lib/x86_64-linux-gnu/libnss_files-2.15.so
7fe0f8ee6000-7fe0f8ee7000 r--p 0000b000 08:01 2354710                    /lib/x86_64-linux-gnu/libnss_files-2.15.so
7fe0f8ee7000-7fe0f8ee8000 rw-p 0000c000 08:01 2354710                    /lib/x86_64-linux-gnu/libnss_files-2.15.so
7fe0f8ee8000-7fe0f8f14000 r-xp 00000000 08:01 2883143                    /usr/lib/jvm/java-6-openjdk-amd64/jre/lib/amd64/libjava.so
7fe0f8f14000-7fe0f9113000 ---p 0002c000 08:01 2883143                    /usr/lib/jvm/java-6-openjdk-amd64/jre/lib/amd64/libjava.so
7fe0f9113000-7fe0f9114000 r--p 0002b000 08:01 2883143                    /usr/lib/jvm/java-6-openjdk-amd64/jre/lib/amd64/libjava.so
7fe0f9114000-7fe0f9117000 rw-p 0002c000 08:01 2883143                    /usr/lib/jvm/java-6-openjdk-amd64/jre/lib/amd64/libjava.so
7fe0f9117000-7fe0f9125000 r-xp 00000000 08:01 2907875                    /usr/lib/jvm/java-6-openjdk-amd64/jre/lib/amd64/libverify.so
7fe0f9125000-7fe0f9324000 ---p 0000e000 08:01 2907875                    /usr/lib/jvm/java-6-openjdk-amd64/jre/lib/amd64/libverify.so
7fe0f9324000-7fe0f9326000 r--p 0000d000 08:01 2907875                    /usr/lib/jvm/java-6-openjdk-amd64/jre/lib/amd64/libverify.so
7fe0f9326000-7fe0f9327000 rw-p 0000f000 08:01 2907875                    /usr/lib/jvm/java-6-openjdk-amd64/jre/lib/amd64/libverify.so
7fe0f9327000-7fe0f932e000 r-xp 00000000 08:01 2354704                    /lib/x86_64-linux-gnu/librt-2.15.so
7fe0f932e000-7fe0f952d000 ---p 00007000 08:01 2354704                    /lib/x86_64-linux-gnu/librt-2.15.so
7fe0f952d000-7fe0f952e000 r--p 00006000 08:01 2354704                    /lib/x86_64-linux-gnu/librt-2.15.so
7fe0f952e000-7fe0f952f000 rw-p 00007000 08:01 2354704                    /lib/x86_64-linux-gnu/librt-2.15.so
7fe0f952f000-7fe0f9544000 r-xp 00000000 08:01 2361367                    /lib/x86_64-linux-gnu/libgcc_s.so.1
7fe0f9544000-7fe0f9743000 ---p 00015000 08:01 2361367                    /lib/x86_64-linux-gnu/libgcc_s.so.1
7fe0f9743000-7fe0f9744000 r--p 00014000 08:01 2361367                    /lib/x86_64-linux-gnu/libgcc_s.so.1
7fe0f9744000-7fe0f9745000 rw-p 00015000 08:01 2361367                    /lib/x86_64-linux-gnu/libgcc_s.so.1
7fe0f9745000-7fe0f9840000 r-xp 00000000 08:01 2354708                    /lib/x86_64-linux-gnu/libm-2.15.so
7fe0f9840000-7fe0f9a3f000 ---p 000fb000 08:01 2354708                    /lib/x86_64-linux-gnu/libm-2.15.so
7fe0f9a3f000-7fe0f9a40000 r--p 000fa000 08:01 2354708                    /lib/x86_64-linux-gnu/libm-2.15.so
7fe0f9a40000-7fe0f9a41000 rw-p 000fb000 08:01 2354708                    /lib/x86_64-linux-gnu/libm-2.15.so
7fe0f9a41000-7fe0f9b23000 r-xp 00000000 08:01 2619231                    /usr/lib/x86_64-linux-gnu/libstdc++.so.6.0.16
7fe0f9b23000-7fe0f9d22000 ---p 000e2000 08:01 2619231                    /usr/lib/x86_64-linux-gnu/libstdc++.so.6.0.16
7fe0f9d22000-7fe0f9d2a000 r--p 000e1000 08:01 2619231                    /usr/lib/x86_64-linux-gnu/libstdc++.so.6.0.16
7fe0f9d2a000-7fe0f9d2c000 rw-p 000e9000 08:01 2619231                    /usr/lib/x86_64-linux-gnu/libstdc++.so.6.0.16
7fe0f9d2c000-7fe0f9d41000 rw-p 00000000 00:00 0 
7fe0f9d41000-7fe0fa646000 r-xp 00000000 08:01 2883138                    /usr/lib/jvm/java-6-openjdk-amd64/jre/lib/amd64/server/libjvm.so
7fe0fa646000-7fe0fa846000 ---p 00905000 08:01 2883138                    /usr/lib/jvm/java-6-openjdk-amd64/jre/lib/amd64/server/libjvm.so
7fe0fa846000-7fe0fa8c6000 r--p 00905000 08:01 2883138                    /usr/lib/jvm/java-6-openjdk-amd64/jre/lib/amd64/server/libjvm.so
7fe0fa8c6000-7fe0fa8e1000 rw-p 00985000 08:01 2883138                    /usr/lib/jvm/java-6-openjdk-amd64/jre/lib/amd64/server/libjvm.so
7fe0fa8e1000-7fe0fa90a000 rw-p 00000000 00:00 0 
7fe0fa90a000-7fe0fa920000 r-xp 00000000 08:01 2361256                    /lib/x86_64-linux-gnu/libz.so.1.2.3.4
7fe0fa920000-7fe0fab1f000 ---p 00016000 08:01 2361256                    /lib/x86_64-linux-gnu/libz.so.1.2.3.4
7fe0fab1f000-7fe0fab20000 r--p 00015000 08:01 2361256                    /lib/x86_64-linux-gnu/libz.so.1.2.3.4
7fe0fab20000-7fe0fab21000 rw-p 00016000 08:01 2361256                    /lib/x86_64-linux-gnu/libz.so.1.2.3.4
7fe0fab21000-7fe0facd6000 r-xp 00000000 08:01 2354700                    /lib/x86_64-linux-gnu/libc-2.15.so
7fe0facd6000-7fe0faed5000 ---p 001b5000 08:01 2354700                    /lib/x86_64-linux-gnu/libc-2.15.so
7fe0faed5000-7fe0faed9000 r--p 001b4000 08:01 2354700                    /lib/x86_64-linux-gnu/libc-2.15.so
7fe0faed9000-7fe0faedb000 rw-p 001b8000 08:01 2354700                    /lib/x86_64-linux-gnu/libc-2.15.so
7fe0faedb000-7fe0faee0000 rw-p 00000000 00:00 0 
7fe0faee0000-7fe0faee2000 r-xp 00000000 08:01 2354699                    /lib/x86_64-linux-gnu/libdl-2.15.so
7fe0faee2000-7fe0fb0e2000 ---p 00002000 08:01 2354699                    /lib/x86_64-linux-gnu/libdl-2.15.so
7fe0fb0e2000-7fe0fb0e3000 r--p 00002000 08:01 2354699                    /lib/x86_64-linux-gnu/libdl-2.15.so
7fe0fb0e3000-7fe0fb0e4000 rw-p 00003000 08:01 2354699                    /lib/x86_64-linux-gnu/libdl-2.15.so
7fe0fb0e4000-7fe0fb0e8000 r-xp 00000000 08:01 2883144                    /usr/lib/jvm/java-6-openjdk-amd64/jre/lib/amd64/jli/libjli.so
7fe0fb0e8000-7fe0fb2e7000 ---p 00004000 08:01 2883144                    /usr/lib/jvm/java-6-openjdk-amd64/jre/lib/amd64/jli/libjli.so
7fe0fb2e7000-7fe0fb2e8000 r--p 00003000 08:01 2883144                    /usr/lib/jvm/java-6-openjdk-amd64/jre/lib/amd64/jli/libjli.so
7fe0fb2e8000-7fe0fb2e9000 rw-p 00004000 08:01 2883144                    /usr/lib/jvm/java-6-openjdk-amd64/jre/lib/amd64/jli/libjli.so
7fe0fb2e9000-7fe0fb301000 r-xp 00000000 08:01 2354702                    /lib/x86_64-linux-gnu/libpthread-2.15.so
7fe0fb301000-7fe0fb500000 ---p 00018000 08:01 2354702                    /lib/x86_64-linux-gnu/libpthread-2.15.so
7fe0fb500000-7fe0fb501000 r--p 00017000 08:01 2354702                    /lib/x86_64-linux-gnu/libpthread-2.15.so
7fe0fb501000-7fe0fb502000 rw-p 00018000 08:01 2354702                    /lib/x86_64-linux-gnu/libpthread-2.15.so
7fe0fb502000-7fe0fb506000 rw-p 00000000 00:00 0 
7fe0fb506000-7fe0fb528000 r-xp 00000000 08:01 2354714                    /lib/x86_64-linux-gnu/ld-2.15.so
7fe0fb531000-7fe0fb53b000 rw-p 00000000 00:00 0 
7fe0fb53b000-7fe0fb5f1000 rw-p 00000000 00:00 0 
7fe0fb5f1000-7fe0fb5f4000 ---p 00000000 00:00 0 
7fe0fb5f4000-7fe0fb6f7000 rw-p 00000000 00:00 0 
7fe0fb71c000-7fe0fb724000 rw-s 00000000 08:06 42                         /tmp/hsperfdata_padlesky/13546
7fe0fb724000-7fe0fb725000 rw-p 00000000 00:00 0 
7fe0fb725000-7fe0fb726000 r--p 00000000 00:00 0 
7fe0fb726000-7fe0fb728000 rw-p 00000000 00:00 0 
7fe0fb728000-7fe0fb729000 r--p 00022000 08:01 2354714                    /lib/x86_64-linux-gnu/ld-2.15.so
7fe0fb729000-7fe0fb72b000 rw-p 00023000 08:01 2354714                    /lib/x86_64-linux-gnu/ld-2.15.so
7fff79342000-7fff79363000 rw-p 00000000 00:00 0                          [stack]
7fff793ff000-7fff79400000 r-xp 00000000 00:00 0                          [vdso]
ffffffffff600000-ffffffffff601000 r-xp 00000000 00:00 0                  [vsyscall]

VM Arguments:
jvm_args: -Dfile.encoding=UTF-8 -Xbootclasspath:/home/dsk06/cscrs/c301/android-sdk-linux/platforms/android-15/android.jar 
java_command: org.eclipse.jdt.internal.junit.runner.RemoteTestRunner -version 3 -port 45599 -testLoaderClass org.eclipse.jdt.internal.junit4.runner.JUnit4TestLoader -loaderpluginname org.eclipse.jdt.junit4.runtime -classNames ca.ualberta.cs.c301f12t01.testing.TextResponseTest
Launcher Type: SUN_STANDARD

Environment Variables:
PATH=/usr/local/bin:/usr/bin:/bin:/usr/local/matlab/bin:/usr/games
LD_LIBRARY_PATH=/usr/lib/jvm/java-6-openjdk-amd64/jre/lib/amd64/server:/usr/lib/jvm/java-6-openjdk-amd64/jre/lib/amd64:/usr/lib/jvm/java-6-openjdk-amd64/jre/../lib/amd64
SHELL=/bin/bash
DISPLAY=:0.0

Signal Handlers:
SIGSEGV: [libjvm.so+0x7852e0], sa_mask[0]=0x7ffbfeff, sa_flags=0x10000004
SIGBUS: [libjvm.so+0x7852e0], sa_mask[0]=0x7ffbfeff, sa_flags=0x10000004
SIGFPE: [libjvm.so+0x648d40], sa_mask[0]=0x7ffbfeff, sa_flags=0x10000004
SIGPIPE: [libjvm.so+0x648d40], sa_mask[0]=0x7ffbfeff, sa_flags=0x10000004
SIGXFSZ: [libjvm.so+0x648d40], sa_mask[0]=0x7ffbfeff, sa_flags=0x10000004
SIGILL: [libjvm.so+0x648d40], sa_mask[0]=0x7ffbfeff, sa_flags=0x10000004
SIGUSR1: SIG_DFL, sa_mask[0]=0x00000000, sa_flags=0x00000000
SIGUSR2: [libjvm.so+0x648ef0], sa_mask[0]=0x00000004, sa_flags=0x10000004
SIGHUP: SIG_DFL, sa_mask[0]=0x00000000, sa_flags=0x00000000
SIGINT: SIG_DFL, sa_mask[0]=0x00000000, sa_flags=0x00000000
SIGTERM: SIG_DFL, sa_mask[0]=0x00000000, sa_flags=0x00000000
SIGQUIT: SIG_DFL, sa_mask[0]=0x00000000, sa_flags=0x00000000


---------------  S Y S T E M  ---------------

OS:Ubuntu 12.04 (precise)
uname:Linux 3.2.0-32-generic #51-Ubuntu SMP Wed Sep 26 21:33:09 UTC 2012 x86_64
libc:glibc 2.15 NPTL 2.15 
rlimit: STACK 8192k, CORE 0k, NPROC 63402, NOFILE 4096, AS infinity
load average:7.39 7.34 7.26

/proc/meminfo:
MemTotal:        8133536 kB
MemFree:          132448 kB
Buffers:          175016 kB
Cached:          6134656 kB
SwapCached:            0 kB
Active:          1757132 kB
Inactive:        5935588 kB
Active(anon):    1163660 kB
Inactive(anon):   232220 kB
Active(file):     593472 kB
Inactive(file):  5703368 kB
Unevictable:           0 kB
Mlocked:               0 kB
SwapTotal:       8393956 kB
SwapFree:        8393956 kB
Dirty:                32 kB
Writeback:             0 kB
AnonPages:       1383532 kB
Mapped:           155320 kB
Shmem:             12688 kB
Slab:             144684 kB
SReclaimable:     109996 kB
SUnreclaim:        34688 kB
KernelStack:        3384 kB
PageTables:        19580 kB
NFS_Unstable:          0 kB
Bounce:                0 kB
WritebackTmp:          0 kB
CommitLimit:    12460724 kB
Committed_AS:    3108628 kB
VmallocTotal:   34359738367 kB
VmallocUsed:      131096 kB
VmallocChunk:   34359604860 kB
HardwareCorrupted:     0 kB
AnonHugePages:         0 kB
HugePages_Total:       0
HugePages_Free:        0
HugePages_Rsvd:        0
HugePages_Surp:        0
Hugepagesize:       2048 kB
DirectMap4k:      131072 kB
DirectMap2M:     8216576 kB


CPU:total 8 (4 cores per cpu, 2 threads per core) family 6 model 42 stepping 7, cmov, cx8, fxsr, mmx, sse, sse2, sse3, ssse3, sse4.1, sse4.2, popcnt, ht

Memory: 4k page, physical 8133536k(132448k free), swap 8393956k(8393956k free)

vm_info: OpenJDK 64-Bit Server VM (20.0-b12) for linux-amd64 JRE (1.6.0_24-b24), built on Oct 24 2012 16:17:28 by "buildd" with gcc 4.6.3

time: Sun Nov  4 16:18:46 2012
elapsed time: 0 seconds

